<?xml version="1.0" encoding="UTF-8"?>
<!-- Generated by org.testng.reporters.JUnitReportReporter -->
<testsuite hostname="EPBYMINW4106" failures="0" tests="4" name="test.IdeoneResultsPageTest" time="1.781" errors="0" timestamp="30 May 2019 16:33:45 GMT" skipped="0">
  <testcase classname="test.IdeoneResultsPageTest" name="checkStatusOfYourCodeAfterRun" time="1.712"/>
  <testcase classname="test.IdeoneResultsPageTest" name="checkStdinInResultsEqualsStdinInHome" time="0.037"/>
  <testcase classname="test.IdeoneResultsPageTest" name="checkStdoutInResultsEqualsStdinHome" time="0.032"/>
  <testcase classname="test.IdeoneResultsPageTest" name="checkResultsPageTitleContainsIdeone" time="0.000"/>
</testsuite> <!-- test.IdeoneResultsPageTest -->
