<?xml version="1.0" encoding="UTF-8"?>
<!-- Generated by org.testng.reporters.JUnitReportReporter -->
<testsuite hostname="EPBYMINW4106" failures="0" tests="6" name="test.IdeoneHomePageTest" time="5.181" errors="0" timestamp="30 May 2019 16:33:44 GMT" skipped="0">
  <testcase classname="test.IdeoneHomePageTest" name="checkThatTheHomePageOpen" time="0.029"/>
  <testcase classname="test.IdeoneHomePageTest" name="checkResultOfSwitchingLanguage" time="0.324"/>
  <testcase classname="test.IdeoneHomePageTest" name="pasteCodeInEditor" time="1.316"/>
  <testcase classname="test.IdeoneHomePageTest" name="clickOnStdinButton" time="0.689"/>
  <testcase classname="test.IdeoneHomePageTest" name="PasteTextInStdin" time="0.196"/>
  <testcase classname="test.IdeoneHomePageTest" name="runCodeAndWaitForResultPageToLoad" time="2.627"/>
</testsuite> <!-- test.IdeoneHomePageTest -->
